{"/home/jtimm/projects/courses/401/basic-express-server/src/server-phase1.js": {"path":"/home/jtimm/projects/courses/401/basic-express-server/src/server-phase1.js","statementMap":{"0":{"start":{"line":4,"column":16},"end":{"line":4,"column":34}},"1":{"start":{"line":7,"column":24},"end":{"line":7,"column":58}},"2":{"start":{"line":8,"column":21},"end":{"line":8,"column":55}},"3":{"start":{"line":9,"column":15},"end":{"line":9,"column":48}},"4":{"start":{"line":10,"column":18},"end":{"line":10,"column":54}},"5":{"start":{"line":12,"column":12},"end":{"line":12,"column":21}},"6":{"start":{"line":14,"column":0},"end":{"line":14,"column":24}},"7":{"start":{"line":17,"column":0},"end":{"line":22,"column":3}},"8":{"start":{"line":21,"column":2},"end":{"line":21,"column":35}},"9":{"start":{"line":25,"column":0},"end":{"line":31,"column":3}},"10":{"start":{"line":30,"column":2},"end":{"line":30,"column":45}},"11":{"start":{"line":34,"column":0},"end":{"line":41,"column":3}},"12":{"start":{"line":39,"column":2},"end":{"line":39,"column":24}},"13":{"start":{"line":40,"column":2},"end":{"line":40,"column":38}},"14":{"start":{"line":44,"column":0},"end":{"line":44,"column":16}},"15":{"start":{"line":46,"column":0},"end":{"line":52,"column":3}},"16":{"start":{"line":48,"column":15},"end":{"line":49,"column":23}},"17":{"start":{"line":50,"column":2},"end":{"line":50,"column":31}},"18":{"start":{"line":58,"column":0},"end":{"line":61,"column":3}},"19":{"start":{"line":60,"column":2},"end":{"line":60,"column":56}},"20":{"start":{"line":63,"column":0},"end":{"line":66,"column":2}},"21":{"start":{"line":65,"column":2},"end":{"line":65,"column":39}},"22":{"start":{"line":72,"column":0},"end":{"line":72,"column":30}},"23":{"start":{"line":73,"column":0},"end":{"line":73,"column":22}},"24":{"start":{"line":76,"column":0},"end":{"line":82,"column":2}},"25":{"start":{"line":79,"column":4},"end":{"line":79,"column":51}},"26":{"start":{"line":79,"column":17},"end":{"line":79,"column":49}},"27":{"start":{"line":80,"column":4},"end":{"line":80,"column":64}},"28":{"start":{"line":80,"column":27},"end":{"line":80,"column":62}}},"fnMap":{"0":{"name":"(anonymous_0)","decl":{"start":{"line":17,"column":18},"end":{"line":17,"column":19}},"loc":{"start":{"line":17,"column":32},"end":{"line":22,"column":1}},"line":17},"1":{"name":"(anonymous_1)","decl":{"start":{"line":25,"column":26},"end":{"line":25,"column":27}},"loc":{"start":{"line":25,"column":40},"end":{"line":31,"column":1}},"line":25},"2":{"name":"(anonymous_2)","decl":{"start":{"line":34,"column":19},"end":{"line":34,"column":20}},"loc":{"start":{"line":34,"column":33},"end":{"line":41,"column":1}},"line":34},"3":{"name":"(anonymous_3)","decl":{"start":{"line":46,"column":30},"end":{"line":46,"column":31}},"loc":{"start":{"line":46,"column":44},"end":{"line":52,"column":1}},"line":46},"4":{"name":"(anonymous_4)","decl":{"start":{"line":58,"column":30},"end":{"line":58,"column":31}},"loc":{"start":{"line":58,"column":50},"end":{"line":61,"column":1}},"line":58},"5":{"name":"(anonymous_5)","decl":{"start":{"line":63,"column":29},"end":{"line":63,"column":30}},"loc":{"start":{"line":63,"column":49},"end":{"line":66,"column":1}},"line":63},"6":{"name":"(anonymous_6)","decl":{"start":{"line":78,"column":9},"end":{"line":78,"column":10}},"loc":{"start":{"line":78,"column":17},"end":{"line":81,"column":3}},"line":78},"7":{"name":"(anonymous_7)","decl":{"start":{"line":80,"column":21},"end":{"line":80,"column":22}},"loc":{"start":{"line":80,"column":27},"end":{"line":80,"column":62}},"line":80}},"branchMap":{"0":{"loc":{"start":{"line":79,"column":4},"end":{"line":79,"column":51}},"type":"if","locations":[{"start":{"line":79,"column":4},"end":{"line":79,"column":51}},{"start":{"line":79,"column":4},"end":{"line":79,"column":51}}],"line":79}},"s":{"0":1,"1":1,"2":1,"3":1,"4":1,"5":1,"6":1,"7":1,"8":1,"9":1,"10":0,"11":1,"12":0,"13":0,"14":1,"15":1,"16":0,"17":0,"18":1,"19":1,"20":1,"21":0,"22":1,"23":1,"24":1,"25":0,"26":0,"27":0,"28":0},"f":{"0":1,"1":0,"2":0,"3":0,"4":1,"5":0,"6":0,"7":0},"b":{"0":[0,0]},"_coverageSchema":"43e27e138ebf9cfc5966b082cf9a028302ed4184","hash":"703accbc0f56306312e597d1a791dbd552170d32"}
,"/home/jtimm/projects/courses/401/basic-express-server/src/error-handlers/404.js": {"path":"/home/jtimm/projects/courses/401/basic-express-server/src/error-handlers/404.js","statementMap":{"0":{"start":{"line":12,"column":22},"end":{"line":15,"column":3}},"1":{"start":{"line":17,"column":2},"end":{"line":17,"column":36}},"2":{"start":{"line":20,"column":0},"end":{"line":20,"column":27}}},"fnMap":{"0":{"name":"handle404","decl":{"start":{"line":10,"column":9},"end":{"line":10,"column":18}},"loc":{"start":{"line":10,"column":35},"end":{"line":18,"column":1}},"line":10}},"branchMap":{},"s":{"0":2,"1":2,"2":1},"f":{"0":2},"b":{},"_coverageSchema":"43e27e138ebf9cfc5966b082cf9a028302ed4184","hash":"ee7512ef581138e540bbf51e469a92c1a350e4c5"}
,"/home/jtimm/projects/courses/401/basic-express-server/src/error-handlers/500.js": {"path":"/home/jtimm/projects/courses/401/basic-express-server/src/error-handlers/500.js","statementMap":{"0":{"start":{"line":12,"column":0},"end":{"line":22,"column":1}},"1":{"start":{"line":15,"column":16},"end":{"line":15,"column":47}},"2":{"start":{"line":17,"column":22},"end":{"line":20,"column":3}},"3":{"start":{"line":21,"column":2},"end":{"line":21,"column":36}}},"fnMap":{"0":{"name":"(anonymous_0)","decl":{"start":{"line":12,"column":17},"end":{"line":12,"column":18}},"loc":{"start":{"line":12,"column":48},"end":{"line":22,"column":1}},"line":12}},"branchMap":{"0":{"loc":{"start":{"line":15,"column":16},"end":{"line":15,"column":47}},"type":"cond-expr","locations":[{"start":{"line":15,"column":30},"end":{"line":15,"column":41}},{"start":{"line":15,"column":44},"end":{"line":15,"column":47}}],"line":15}},"s":{"0":1,"1":1,"2":1,"3":1},"f":{"0":1},"b":{"0":[1,0]},"_coverageSchema":"43e27e138ebf9cfc5966b082cf9a028302ed4184","hash":"00469365b8b43e4e4d9eb5882924a1323387c3ff"}
,"/home/jtimm/projects/courses/401/basic-express-server/src/middleware/logger.js": {"path":"/home/jtimm/projects/courses/401/basic-express-server/src/middleware/logger.js","statementMap":{"0":{"start":{"line":5,"column":15},"end":{"line":10,"column":1}},"1":{"start":{"line":6,"column":2},"end":{"line":6,"column":48}},"2":{"start":{"line":9,"column":2},"end":{"line":9,"column":9}},"3":{"start":{"line":12,"column":0},"end":{"line":12,"column":24}}},"fnMap":{"0":{"name":"(anonymous_0)","decl":{"start":{"line":5,"column":15},"end":{"line":5,"column":16}},"loc":{"start":{"line":5,"column":35},"end":{"line":10,"column":1}},"line":5}},"branchMap":{},"s":{"0":2,"1":5,"2":5,"3":2},"f":{"0":5},"b":{},"_coverageSchema":"43e27e138ebf9cfc5966b082cf9a028302ed4184","hash":"90a1149f016e797b71ca6a6958e8e5944b243636"}
,"/home/jtimm/projects/courses/401/basic-express-server/src/middleware/validator.js": {"path":"/home/jtimm/projects/courses/401/basic-express-server/src/middleware/validator.js","statementMap":{"0":{"start":{"line":7,"column":18},"end":{"line":11,"column":1}},"1":{"start":{"line":8,"column":13},"end":{"line":8,"column":27}},"2":{"start":{"line":9,"column":2},"end":{"line":10,"column":18}},"3":{"start":{"line":9,"column":15},"end":{"line":9,"column":37}},"4":{"start":{"line":10,"column":9},"end":{"line":10,"column":16}},"5":{"start":{"line":13,"column":0},"end":{"line":13,"column":27}}},"fnMap":{"0":{"name":"(anonymous_0)","decl":{"start":{"line":7,"column":18},"end":{"line":7,"column":19}},"loc":{"start":{"line":7,"column":38},"end":{"line":11,"column":1}},"line":7}},"branchMap":{"0":{"loc":{"start":{"line":9,"column":2},"end":{"line":10,"column":18}},"type":"if","locations":[{"start":{"line":9,"column":2},"end":{"line":10,"column":18}},{"start":{"line":9,"column":2},"end":{"line":10,"column":18}}],"line":9}},"s":{"0":2,"1":2,"2":2,"3":1,"4":1,"5":2},"f":{"0":2},"b":{"0":[1,1]},"_coverageSchema":"43e27e138ebf9cfc5966b082cf9a028302ed4184","hash":"1e74ec3a870f93896df10133a53485edd0dc017a"}
}
