TN:
SF:/home/jtimm/projects/courses/401/basic-express-server/src/server-phase1.js
FN:17,(anonymous_0)
FN:25,(anonymous_1)
FN:34,(anonymous_2)
FN:46,(anonymous_3)
FN:58,(anonymous_4)
FN:63,(anonymous_5)
FN:78,(anonymous_6)
FN:80,(anonymous_7)
FNF:8
FNH:2
FNDA:1,(anonymous_0)
FNDA:0,(anonymous_1)
FNDA:0,(anonymous_2)
FNDA:0,(anonymous_3)
FNDA:1,(anonymous_4)
FNDA:0,(anonymous_5)
FNDA:0,(anonymous_6)
FNDA:0,(anonymous_7)
DA:4,1
DA:7,1
DA:8,1
DA:9,1
DA:10,1
DA:12,1
DA:14,1
DA:17,1
DA:21,1
DA:25,1
DA:30,0
DA:34,1
DA:39,0
DA:40,0
DA:44,1
DA:46,1
DA:48,0
DA:50,0
DA:58,1
DA:60,1
DA:63,1
DA:65,0
DA:72,1
DA:73,1
DA:76,1
DA:79,0
DA:80,0
LF:27
LH:19
BRDA:79,0,0,0
BRDA:79,0,1,0
BRF:2
BRH:0
end_of_record
TN:
SF:/home/jtimm/projects/courses/401/basic-express-server/src/error-handlers/404.js
FN:10,handle404
FNF:1
FNH:1
FNDA:2,handle404
DA:12,2
DA:17,2
DA:20,1
LF:3
LH:3
BRF:0
BRH:0
end_of_record
TN:
SF:/home/jtimm/projects/courses/401/basic-express-server/src/error-handlers/500.js
FN:12,(anonymous_0)
FNF:1
FNH:1
FNDA:1,(anonymous_0)
DA:12,1
DA:15,1
DA:17,1
DA:21,1
LF:4
LH:4
BRDA:15,0,0,1
BRDA:15,0,1,0
BRF:2
BRH:1
end_of_record
TN:
SF:/home/jtimm/projects/courses/401/basic-express-server/src/middleware/logger.js
FN:5,(anonymous_0)
FNF:1
FNH:1
FNDA:5,(anonymous_0)
DA:5,2
DA:6,5
DA:9,5
DA:12,2
LF:4
LH:4
BRF:0
BRH:0
end_of_record
TN:
SF:/home/jtimm/projects/courses/401/basic-express-server/src/middleware/validator.js
FN:7,(anonymous_0)
FNF:1
FNH:1
FNDA:2,(anonymous_0)
DA:7,2
DA:8,2
DA:9,2
DA:10,1
DA:13,2
LF:5
LH:5
BRDA:9,0,0,1
BRDA:9,0,1,1
BRF:2
BRH:2
end_of_record
